<?xml version="1.0" encoding="UTF-8"?>
<testsuite xmlns:xsi="http://www.w3.org/2001/XMLSchema-instance" xsi:noNamespaceSchemaLocation="https://maven.apache.org/surefire/maven-surefire-plugin/xsd/surefire-test-report.xsd" name="lt.galdebar.monmonscraper.services.helpers.AssignKeywordHelperTests" time="37.351" tests="8" errors="0" skipped="0" failures="0">
  <properties>
[...]
</properties>
  <testcase name="givenBlankKeyword_whenAssignKeyword_thenReturnBlankDeal" classname="lt.galdebar.monmonscraper.services.helpers.AssignKeywordHelperTests" time="0.189"/>
  <testcase name="givenEmptyKeyword_whenAssignKeyword_thenReturnBlankDeal" classname="lt.galdebar.monmonscraper.services.helpers.AssignKeywordHelperTests" time="0.006"/>
  <testcase name="givenContext_thenLoadCategorizer" classname="lt.galdebar.monmonscraper.services.helpers.AssignKeywordHelperTests" time="0.003"/>
  <testcase name="givenInvalidKeyword_whenAssignKeyword_thenReturnSameName" classname="lt.galdebar.monmonscraper.services.helpers.AssignKeywordHelperTests" time="0.183"/>
  <testcase name="givenExistingSimpleKeyword_whenAssignKeyword_thenReturnExistingKeyword" classname="lt.galdebar.monmonscraper.services.helpers.AssignKeywordHelperTests" time="0.167"/>
  <testcase name="givenPartialKeyword_whenAssignKeyword_thenReturnExistingKeyword" classname="lt.galdebar.monmonscraper.services.helpers.AssignKeywordHelperTests" time="0.054"/>
  <testcase name="givenListWithBlankOrEmptyScrapedItems_whenAssignKeywords_thenReturnOnlyValid" classname="lt.galdebar.monmonscraper.services.helpers.AssignKeywordHelperTests" time="0.125"/>
  <testcase name="givenSeveralKeywords_whenAssignKeywords_thenReturnValidList" classname="lt.galdebar.monmonscraper.services.helpers.AssignKeywordHelperTests" time="0.102"/>
</testsuite>