<?xml version="1.0" encoding="UTF-8"?>
<testsuite xmlns:xsi="http://www.w3.org/2001/XMLSchema-instance" xsi:noNamespaceSchemaLocation="https://maven.apache.org/surefire/maven-surefire-plugin/xsd/surefire-test-report.xsd" name="lt.galdebar.monmon.categoriesparser.ExcelParserIntegrationTests" time="107.563" tests="1" errors="1" skipped="0" failures="0">
  <properties>
[...]
</properties>
  <testcase name="lt.galdebar.monmon.categoriesparser.ExcelParserIntegrationTests" classname="lt.galdebar.monmon.categoriesparser.ExcelParserIntegrationTests" time="107.563">
    <error type="java.lang.ExceptionInInitializerError"><![CDATA[java.lang.ExceptionInInitializerError
	at lt.galdebar.monmon.categoriesparser.ExcelParserIntegrationTests.<clinit>(ExcelParserIntegrationTests.java:44)
]]></error>
    <system-out><![CDATA[14:06:01.820 [main] DEBUG org.springframework.test.annotation.ProfileValueUtils - Retrieved @ProfileValueSourceConfiguration [null] for test class [lt.galdebar.monmon.categoriesparser.ExcelParserIntegrationTests]
14:06:01.823 [main] DEBUG org.springframework.test.annotation.ProfileValueUtils - Retrieved ProfileValueSource type [class org.springframework.test.annotation.SystemProfileValueSource] for class [lt.galdebar.monmon.categoriesparser.ExcelParserIntegrationTests]
14:06:01.827 [main] DEBUG org.springframework.test.annotation.ProfileValueUtils - Retrieved @ProfileValueSourceConfiguration [null] for test class [lt.galdebar.monmon.categoriesparser.ExcelParserIntegrationTests]
14:06:01.828 [main] DEBUG org.springframework.test.annotation.ProfileValueUtils - Retrieved ProfileValueSource type [class org.springframework.test.annotation.SystemProfileValueSource] for class [lt.galdebar.monmon.categoriesparser.ExcelParserIntegrationTests]
14:06:01.829 [main] DEBUG org.springframework.test.annotation.ProfileValueUtils - Retrieved @ProfileValueSourceConfiguration [null] for test class [lt.galdebar.monmon.categoriesparser.ExcelParserIntegrationTests]
14:06:01.829 [main] DEBUG org.springframework.test.annotation.ProfileValueUtils - Retrieved ProfileValueSource type [class org.springframework.test.annotation.SystemProfileValueSource] for class [lt.galdebar.monmon.categoriesparser.ExcelParserIntegrationTests]
14:06:02.282 [main] DEBUG org.testcontainers.utility.TestcontainersConfiguration - Testcontainers configuration overrides will be loaded from file:/D:/MonMon/monmon-back/monmon-categories-parser/target/test-classes/testcontainers.properties
14:06:02.290 [main] DEBUG org.testcontainers.utility.TestcontainersConfiguration - Testcontainers configuration overrides will be loaded from file:/D:/MonMon/monmon-back/monmon-categories-parser/target/test-classes/testcontainers.properties
14:06:02.291 [main] DEBUG org.testcontainers.utility.TestcontainersConfiguration - Testcontainers configuration overrides will be loaded from file:/C:/Users/galde/.testcontainers.properties
14:06:02.293 [main] DEBUG org.testcontainers.utility.TestcontainersConfiguration - Testcontainers configuration overrides loaded from TestcontainersConfiguration(properties={docker.client.strategy=org.testcontainers.dockerclient.EnvironmentAndSystemPropertyClientProviderStrategy, testcontainers.reuse.enable=true})
14:06:02.323 [main] INFO org.testcontainers.dockerclient.DockerClientProviderStrategy - Loaded org.testcontainers.dockerclient.EnvironmentAndSystemPropertyClientProviderStrategy from ~/.testcontainers.properties, will try it first
14:06:02.357 [main] INFO org.testcontainers.dockerclient.DockerClientProviderStrategy - Will use 'okhttp' transport
14:06:02.765 [ducttape-0] DEBUG org.testcontainers.dockerclient.DockerClientProviderStrategy - Pinging docker daemon...
14:06:03.007 [ducttape-0] DEBUG com.github.dockerjava.core.command.AbstrDockerCmd - Cmd: org.testcontainers.dockerclient.transport.okhttp.OkHttpDockerCmdExecFactory$1@2975b9c5
14:06:12.788 [main] ERROR org.testcontainers.dockerclient.EnvironmentAndSystemPropertyClientProviderStrategy - ping failed with configuration Environment variables, system properties and defaults. Resolved: 
    dockerHost=tcp://192.168.99.100:2376
    apiVersion='{UNKNOWN_VERSION}'
    registryUrl='https://index.docker.io/v1/'
    registryUsername='galde'
    registryPassword='null'
    registryEmail='null'
    dockerConfig='DefaultDockerClientConfig[dockerHost=tcp://192.168.99.100:2376,registryUsername=galde,registryPassword=<null>,registryEmail=<null>,registryUrl=https://index.docker.io/v1/,dockerConfigPath=C:\Users\galde/.docker,sslConfig=LocalDirectorySSLConfig{dockerCertPath=C:\Users\galde\.docker\machine\machines\default},apiVersion={UNKNOWN_VERSION},dockerConfig=<null>]'
 due to org.rnorth.ducttape.TimeoutException: org.rnorth.ducttape.TimeoutException: java.util.concurrent.TimeoutException
org.rnorth.ducttape.TimeoutException: org.rnorth.ducttape.TimeoutException: java.util.concurrent.TimeoutException
	at org.rnorth.ducttape.unreliables.Unreliables.retryUntilSuccess(Unreliables.java:53)
	at org.testcontainers.dockerclient.DockerClientProviderStrategy.ping(DockerClientProviderStrategy.java:186)
	at org.testcontainers.dockerclient.EnvironmentAndSystemPropertyClientProviderStrategy.test(EnvironmentAndSystemPropertyClientProviderStrategy.java:42)
	at org.testcontainers.dockerclient.DockerClientProviderStrategy.lambda$getFirstValidStrategy$2(DockerClientProviderStrategy.java:112)
	at java.base/java.util.stream.ReferencePipeline$7$1.accept(ReferencePipeline.java:271)
	at java.base/java.util.stream.StreamSpliterators$WrappingSpliterator.tryAdvance(StreamSpliterators.java:302)
	at java.base/java.util.stream.Streams$ConcatSpliterator.tryAdvance(Streams.java:720)
	at java.base/java.util.stream.ReferencePipeline.forEachWithCancel(ReferencePipeline.java:127)
	at java.base/java.util.stream.AbstractPipeline.copyIntoWithCancel(AbstractPipeline.java:502)
	at java.base/java.util.stream.AbstractPipeline.copyInto(AbstractPipeline.java:488)
	at java.base/java.util.stream.AbstractPipeline.wrapAndCopyInto(AbstractPipeline.java:474)
	at java.base/java.util.stream.FindOps$FindOp.evaluateSequential(FindOps.java:150)
	at java.base/java.util.stream.AbstractPipeline.evaluate(AbstractPipeline.java:234)
	at java.base/java.util.stream.ReferencePipeline.findAny(ReferencePipeline.java:548)
	at org.testcontainers.dockerclient.DockerClientProviderStrategy.getFirstValidStrategy(DockerClientProviderStrategy.java:147)
	at org.testcontainers.DockerClientFactory.client(DockerClientFactory.java:105)
	at org.testcontainers.containers.GenericContainer.<init>(GenericContainer.java:138)
	at org.testcontainers.containers.JdbcDatabaseContainer.<init>(JdbcDatabaseContainer.java:45)
	at org.testcontainers.containers.PostgreSQLContainer.<init>(PostgreSQLContainer.java:32)
	at lt.galdebar.monmon.categoriesparser.ExcelParserIntegrationTests.<clinit>(ExcelParserIntegrationTests.java:44)
	at java.base/jdk.internal.misc.Unsafe.ensureClassInitialized0(Native Method)
	at java.base/jdk.internal.misc.Unsafe.ensureClassInitialized(Unsafe.java:1042)
	at java.base/jdk.internal.reflect.UnsafeFieldAccessorFactory.newFieldAccessor(UnsafeFieldAccessorFactory.java:43)
	at java.base/jdk.internal.reflect.ReflectionFactory.newFieldAccessor(ReflectionFactory.java:186)
	at java.base/java.lang.reflect.Field.acquireFieldAccessor(Field.java:1105)
	at java.base/java.lang.reflect.Field.getFieldAccessor(Field.java:1086)
	at java.base/java.lang.reflect.Field.get(Field.java:418)
	at org.junit.runners.model.FrameworkField.get(FrameworkField.java:73)
	at org.junit.runners.model.TestClass.getAnnotatedFieldValues(TestClass.java:230)
	at org.junit.runners.ParentRunner.classRules(ParentRunner.java:255)
	at org.junit.runners.ParentRunner.withClassRules(ParentRunner.java:244)
	at org.junit.runners.ParentRunner.classBlock(ParentRunner.java:194)
	at org.junit.runners.ParentRunner.run(ParentRunner.java:362)
	at org.springframework.test.context.junit4.SpringJUnit4ClassRunner.run(SpringJUnit4ClassRunner.java:190)
	at org.junit.runner.JUnitCore.run(JUnitCore.java:137)
	at org.junit.runner.JUnitCore.run(JUnitCore.java:115)
	at org.junit.vintage.engine.execution.RunnerExecutor.execute(RunnerExecutor.java:40)
	at java.base/java.util.stream.ForEachOps$ForEachOp$OfRef.accept(ForEachOps.java:183)
	at java.base/java.util.stream.ReferencePipeline$3$1.accept(ReferencePipeline.java:195)
	at java.base/java.util.Iterator.forEachRemaining(Iterator.java:133)
	at java.base/java.util.Spliterators$IteratorSpliterator.forEachRemaining(Spliterators.java:1801)
	at java.base/java.util.stream.AbstractPipeline.copyInto(AbstractPipeline.java:484)
	at java.base/java.util.stream.AbstractPipeline.wrapAndCopyInto(AbstractPipeline.java:474)
	at java.base/java.util.stream.ForEachOps$ForEachOp.evaluateSequential(ForEachOps.java:150)
	at java.base/java.util.stream.ForEachOps$ForEachOp$OfRef.evaluateSequential(ForEachOps.java:173)
	at java.base/java.util.stream.AbstractPipeline.evaluate(AbstractPipeline.java:234)
	at java.base/java.util.stream.ReferencePipeline.forEach(ReferencePipeline.java:497)
	at org.junit.vintage.engine.VintageTestEngine.executeAllChildren(VintageTestEngine.java:80)
	at org.junit.vintage.engine.VintageTestEngine.execute(VintageTestEngine.java:71)
	at org.junit.platform.launcher.core.DefaultLauncher.execute(DefaultLauncher.java:220)
	at org.junit.platform.launcher.core.DefaultLauncher.lambda$execute$6(DefaultLauncher.java:188)
	at org.junit.platform.launcher.core.DefaultLauncher.withInterceptedStreams(DefaultLauncher.java:202)
	at org.junit.platform.launcher.core.DefaultLauncher.execute(DefaultLauncher.java:181)
	at org.junit.platform.launcher.core.DefaultLauncher.execute(DefaultLauncher.java:128)
	at org.apache.maven.surefire.junitplatform.JUnitPlatformProvider.invokeAllTests(JUnitPlatformProvider.java:150)
	at org.apache.maven.surefire.junitplatform.JUnitPlatformProvider.invoke(JUnitPlatformProvider.java:124)
	at org.apache.maven.surefire.booter.ForkedBooter.invokeProviderInSameClassLoader(ForkedBooter.java:384)
	at org.apache.maven.surefire.booter.ForkedBooter.runSuitesInProcess(ForkedBooter.java:345)
	at org.apache.maven.surefire.booter.ForkedBooter.execute(ForkedBooter.java:126)
	at org.apache.maven.surefire.booter.ForkedBooter.main(ForkedBooter.java:418)
Caused by: org.rnorth.ducttape.TimeoutException: java.util.concurrent.TimeoutException
	at org.rnorth.ducttape.timeouts.Timeouts.callFuture(Timeouts.java:70)
	at org.rnorth.ducttape.timeouts.Timeouts.getWithTimeout(Timeouts.java:43)
	at org.rnorth.ducttape.unreliables.Unreliables.retryUntilSuccess(Unreliables.java:38)
	... 59 common frames omitted
Caused by: java.util.concurrent.TimeoutException: null
	at java.base/java.util.concurrent.FutureTask.get(FutureTask.java:204)
	at org.rnorth.ducttape.timeouts.Timeouts.callFuture(Timeouts.java:65)
	... 61 common frames omitted
14:06:12.790 [main] DEBUG org.testcontainers.dockerclient.DockerClientProviderStrategy - EnvironmentAndSystemPropertyClientProviderStrategy: failed with exception InvalidConfigurationException (ping failed)
14:06:13.030 [main] INFO org.testcontainers.dockerclient.DockerClientProviderStrategy - Will use 'okhttp' transport
14:06:13.550 [ducttape-0] DEBUG org.testcontainers.dockerclient.DockerClientProviderStrategy - Pinging docker daemon...
14:06:13.550 [ducttape-0] DEBUG com.github.dockerjava.core.command.AbstrDockerCmd - Cmd: org.testcontainers.dockerclient.transport.okhttp.OkHttpDockerCmdExecFactory$1@bbafb41
14:06:13.561 [ducttape-1] DEBUG org.testcontainers.dockerclient.DockerClientProviderStrategy - Pinging docker daemon...
14:06:13.561 [ducttape-1] DEBUG com.github.dockerjava.core.command.AbstrDockerCmd - Cmd: org.testcontainers.dockerclient.transport.okhttp.OkHttpDockerCmdExecFactory$1@4cb3d18c
14:06:23.066 [main] ERROR org.testcontainers.dockerclient.EnvironmentAndSystemPropertyClientProviderStrategy - ping failed with configuration Environment variables, system properties and defaults. Resolved: 
    dockerHost=tcp://192.168.99.100:2376
    apiVersion='{UNKNOWN_VERSION}'
    registryUrl='https://index.docker.io/v1/'
    registryUsername='galde'
    registryPassword='null'
    registryEmail='null'
    dockerConfig='DefaultDockerClientConfig[dockerHost=tcp://192.168.99.100:2376,registryUsername=galde,registryPassword=<null>,registryEmail=<null>,registryUrl=https://index.docker.io/v1/,dockerConfigPath=C:\Users\galde/.docker,sslConfig=LocalDirectorySSLConfig{dockerCertPath=C:\Users\galde\.docker\machine\machines\default},apiVersion={UNKNOWN_VERSION},dockerConfig=<null>]'
 due to org.rnorth.ducttape.TimeoutException: org.rnorth.ducttape.TimeoutException: java.util.concurrent.TimeoutException
org.rnorth.ducttape.TimeoutException: org.rnorth.ducttape.TimeoutException: java.util.concurrent.TimeoutException
	at org.rnorth.ducttape.unreliables.Unreliables.retryUntilSuccess(Unreliables.java:53)
	at org.testcontainers.dockerclient.DockerClientProviderStrategy.ping(DockerClientProviderStrategy.java:186)
	at org.testcontainers.dockerclient.EnvironmentAndSystemPropertyClientProviderStrategy.test(EnvironmentAndSystemPropertyClientProviderStrategy.java:42)
	at org.testcontainers.dockerclient.DockerClientProviderStrategy.lambda$getFirstValidStrategy$2(DockerClientProviderStrategy.java:112)
	at java.base/java.util.stream.ReferencePipeline$7$1.accept(ReferencePipeline.java:271)
	at java.base/java.util.stream.StreamSpliterators$WrappingSpliterator.tryAdvance(StreamSpliterators.java:302)
	at java.base/java.util.stream.Streams$ConcatSpliterator.tryAdvance(Streams.java:723)
	at java.base/java.util.stream.ReferencePipeline.forEachWithCancel(ReferencePipeline.java:127)
	at java.base/java.util.stream.AbstractPipeline.copyIntoWithCancel(AbstractPipeline.java:502)
	at java.base/java.util.stream.AbstractPipeline.copyInto(AbstractPipeline.java:488)
	at java.base/java.util.stream.AbstractPipeline.wrapAndCopyInto(AbstractPipeline.java:474)
	at java.base/java.util.stream.FindOps$FindOp.evaluateSequential(FindOps.java:150)
	at java.base/java.util.stream.AbstractPipeline.evaluate(AbstractPipeline.java:234)
	at java.base/java.util.stream.ReferencePipeline.findAny(ReferencePipeline.java:548)
	at org.testcontainers.dockerclient.DockerClientProviderStrategy.getFirstValidStrategy(DockerClientProviderStrategy.java:147)
	at org.testcontainers.DockerClientFactory.client(DockerClientFactory.java:105)
	at org.testcontainers.containers.GenericContainer.<init>(GenericContainer.java:138)
	at org.testcontainers.containers.JdbcDatabaseContainer.<init>(JdbcDatabaseContainer.java:45)
	at org.testcontainers.containers.PostgreSQLContainer.<init>(PostgreSQLContainer.java:32)
	at lt.galdebar.monmon.categoriesparser.ExcelParserIntegrationTests.<clinit>(ExcelParserIntegrationTests.java:44)
	at java.base/jdk.internal.misc.Unsafe.ensureClassInitialized0(Native Method)
	at java.base/jdk.internal.misc.Unsafe.ensureClassInitialized(Unsafe.java:1042)
	at java.base/jdk.internal.reflect.UnsafeFieldAccessorFactory.newFieldAccessor(UnsafeFieldAccessorFactory.java:43)
	at java.base/jdk.internal.reflect.ReflectionFactory.newFieldAccessor(ReflectionFactory.java:186)
	at java.base/java.lang.reflect.Field.acquireFieldAccessor(Field.java:1105)
	at java.base/java.lang.reflect.Field.getFieldAccessor(Field.java:1086)
	at java.base/java.lang.reflect.Field.get(Field.java:418)
	at org.junit.runners.model.FrameworkField.get(FrameworkField.java:73)
	at org.junit.runners.model.TestClass.getAnnotatedFieldValues(TestClass.java:230)
	at org.junit.runners.ParentRunner.classRules(ParentRunner.java:255)
	at org.junit.runners.ParentRunner.withClassRules(ParentRunner.java:244)
	at org.junit.runners.ParentRunner.classBlock(ParentRunner.java:194)
	at org.junit.runners.ParentRunner.run(ParentRunner.java:362)
	at org.springframework.test.context.junit4.SpringJUnit4ClassRunner.run(SpringJUnit4ClassRunner.java:190)
	at org.junit.runner.JUnitCore.run(JUnitCore.java:137)
	at org.junit.runner.JUnitCore.run(JUnitCore.java:115)
	at org.junit.vintage.engine.execution.RunnerExecutor.execute(RunnerExecutor.java:40)
	at java.base/java.util.stream.ForEachOps$ForEachOp$OfRef.accept(ForEachOps.java:183)
	at java.base/java.util.stream.ReferencePipeline$3$1.accept(ReferencePipeline.java:195)
	at java.base/java.util.Iterator.forEachRemaining(Iterator.java:133)
	at java.base/java.util.Spliterators$IteratorSpliterator.forEachRemaining(Spliterators.java:1801)
	at java.base/java.util.stream.AbstractPipeline.copyInto(AbstractPipeline.java:484)
	at java.base/java.util.stream.AbstractPipeline.wrapAndCopyInto(AbstractPipeline.java:474)
	at java.base/java.util.stream.ForEachOps$ForEachOp.evaluateSequential(ForEachOps.java:150)
	at java.base/java.util.stream.ForEachOps$ForEachOp$OfRef.evaluateSequential(ForEachOps.java:173)
	at java.base/java.util.stream.AbstractPipeline.evaluate(AbstractPipeline.java:234)
	at java.base/java.util.stream.ReferencePipeline.forEach(ReferencePipeline.java:497)
	at org.junit.vintage.engine.VintageTestEngine.executeAllChildren(VintageTestEngine.java:80)
	at org.junit.vintage.engine.VintageTestEngine.execute(VintageTestEngine.java:71)
	at org.junit.platform.launcher.core.DefaultLauncher.execute(DefaultLauncher.java:220)
	at org.junit.platform.launcher.core.DefaultLauncher.lambda$execute$6(DefaultLauncher.java:188)
	at org.junit.platform.launcher.core.DefaultLauncher.withInterceptedStreams(DefaultLauncher.java:202)
	at org.junit.platform.launcher.core.DefaultLauncher.execute(DefaultLauncher.java:181)
	at org.junit.platform.launcher.core.DefaultLauncher.execute(DefaultLauncher.java:128)
	at org.apache.maven.surefire.junitplatform.JUnitPlatformProvider.invokeAllTests(JUnitPlatformProvider.java:150)
	at org.apache.maven.surefire.junitplatform.JUnitPlatformProvider.invoke(JUnitPlatformProvider.java:124)
	at org.apache.maven.surefire.booter.ForkedBooter.invokeProviderInSameClassLoader(ForkedBooter.java:384)
	at org.apache.maven.surefire.booter.ForkedBooter.runSuitesInProcess(ForkedBooter.java:345)
	at org.apache.maven.surefire.booter.ForkedBooter.execute(ForkedBooter.java:126)
	at org.apache.maven.surefire.booter.ForkedBooter.main(ForkedBooter.java:418)
Caused by: org.rnorth.ducttape.TimeoutException: java.util.concurrent.TimeoutException
	at org.rnorth.ducttape.timeouts.Timeouts.callFuture(Timeouts.java:70)
	at org.rnorth.ducttape.timeouts.Timeouts.getWithTimeout(Timeouts.java:43)
	at org.rnorth.ducttape.unreliables.Unreliables.retryUntilSuccess(Unreliables.java:38)
	... 59 common frames omitted
Caused by: java.util.concurrent.TimeoutException: null
	at java.base/java.util.concurrent.FutureTask.get(FutureTask.java:204)
	at org.rnorth.ducttape.timeouts.Timeouts.callFuture(Timeouts.java:65)
	... 61 common frames omitted
14:06:23.067 [main] DEBUG org.testcontainers.dockerclient.DockerClientProviderStrategy - EnvironmentAndSystemPropertyClientProviderStrategy: failed with exception InvalidConfigurationException (ping failed)
14:06:23.069 [main] INFO org.testcontainers.dockerclient.DockerClientProviderStrategy - Will use 'okhttp' transport
14:06:23.141 [ducttape-2] DEBUG org.testcontainers.dockerclient.DockerClientProviderStrategy - Pinging docker daemon...
14:06:23.141 [ducttape-2] DEBUG com.github.dockerjava.core.command.AbstrDockerCmd - Cmd: org.testcontainers.dockerclient.transport.okhttp.OkHttpDockerCmdExecFactory$1@e6f63e
14:06:24.052 [ducttape-0] DEBUG org.testcontainers.dockerclient.DockerClientProviderStrategy - Pinging docker daemon...
14:06:24.052 [ducttape-0] DEBUG com.github.dockerjava.core.command.AbstrDockerCmd - Cmd: org.testcontainers.dockerclient.transport.okhttp.OkHttpDockerCmdExecFactory$1@43cf3628
14:06:24.063 [ducttape-1] DEBUG org.testcontainers.dockerclient.DockerClientProviderStrategy - Pinging docker daemon...
14:06:24.063 [ducttape-1] DEBUG com.github.dockerjava.core.command.AbstrDockerCmd - Cmd: org.testcontainers.dockerclient.transport.okhttp.OkHttpDockerCmdExecFactory$1@464bbafc
14:06:33.142 [main] DEBUG org.testcontainers.dockerclient.DockerClientProviderStrategy - NpipeSocketClientProviderStrategy: failed with exception InvalidConfigurationException (ping failed). Root cause TimeoutException (null)
14:06:33.144 [main] INFO org.testcontainers.dockerclient.DockerClientProviderStrategy - Will use 'okhttp' transport
14:06:33.646 [ducttape-2] DEBUG org.testcontainers.dockerclient.DockerClientProviderStrategy - Pinging docker daemon...
14:06:33.646 [ducttape-4] DEBUG org.testcontainers.dockerclient.DockerClientProviderStrategy - Pinging docker daemon...
14:06:33.646 [ducttape-4] DEBUG com.github.dockerjava.core.command.AbstrDockerCmd - Cmd: org.testcontainers.dockerclient.transport.okhttp.OkHttpDockerCmdExecFactory$1@57bb3bd7
14:06:33.646 [ducttape-2] DEBUG com.github.dockerjava.core.command.AbstrDockerCmd - Cmd: org.testcontainers.dockerclient.transport.okhttp.OkHttpDockerCmdExecFactory$1@1b17b235
14:06:34.554 [ducttape-0] DEBUG org.testcontainers.dockerclient.DockerClientProviderStrategy - Pinging docker daemon...
14:06:34.554 [ducttape-0] DEBUG com.github.dockerjava.core.command.AbstrDockerCmd - Cmd: org.testcontainers.dockerclient.transport.okhttp.OkHttpDockerCmdExecFactory$1@3a80e004
14:06:34.565 [ducttape-1] DEBUG org.testcontainers.dockerclient.DockerClientProviderStrategy - Pinging docker daemon...
14:06:34.565 [ducttape-1] DEBUG com.github.dockerjava.core.command.AbstrDockerCmd - Cmd: org.testcontainers.dockerclient.transport.okhttp.OkHttpDockerCmdExecFactory$1@3493c51
14:06:38.146 [main] DEBUG org.testcontainers.dockerclient.DockerClientProviderStrategy - WindowsClientProviderStrategy: failed with exception TimeoutException (Timeout waiting for result with exception). Root cause ConnectException (Connection refused: connect)
14:06:38.164 [ducttape-4] DEBUG org.testcontainers.dockerclient.DockerClientProviderStrategy - Pinging docker daemon...
14:06:38.164 [ducttape-4] DEBUG com.github.dockerjava.core.command.AbstrDockerCmd - Cmd: org.testcontainers.dockerclient.transport.okhttp.OkHttpDockerCmdExecFactory$1@57bda9cf
14:06:38.208 [main] DEBUG org.testcontainers.utility.CommandLine - Executing shell command: `docker-machine.exe ls -q`
14:06:38.223 [main] DEBUG org.testcontainers.shaded.org.zeroturnaround.exec.ProcessExecutor - Executing [docker-machine.exe, ls, -q].
14:06:38.274 [main] DEBUG org.testcontainers.shaded.org.zeroturnaround.exec.ProcessExecutor - Started Process[pid=7504, exitValue="not exited"]
14:06:38.524 [main] DEBUG org.testcontainers.shaded.org.zeroturnaround.exec.WaitForProcess - Process[pid=7504, exitValue=0] stopped with exit code 0
14:06:38.527 [main] DEBUG org.testcontainers.utility.DockerMachineClient - Using docker-machine set in DOCKER_MACHINE_NAME: default
14:06:38.528 [main] INFO org.testcontainers.dockerclient.DockerMachineClientProviderStrategy - Found docker-machine, and will use machine named default
14:06:38.528 [main] DEBUG org.testcontainers.utility.CommandLine - Executing shell command: `docker-machine status default`
14:06:38.528 [main] DEBUG org.testcontainers.shaded.org.zeroturnaround.exec.ProcessExecutor - Executing [docker-machine, status, default].
14:06:38.532 [main] DEBUG org.testcontainers.shaded.org.zeroturnaround.exec.ProcessExecutor - Started Process[pid=11892, exitValue="not exited"]
14:06:39.540 [main] DEBUG org.testcontainers.shaded.org.zeroturnaround.exec.WaitForProcess - Process[pid=11892, exitValue=0] stopped with exit code 0
14:06:39.541 [main] INFO org.testcontainers.utility.DockerMachineClient - Docker-machine 'default' is not running. Will start it now
14:06:39.541 [main] DEBUG org.testcontainers.utility.CommandLine - Executing shell command: `docker-machine start default`
14:06:39.541 [main] DEBUG org.testcontainers.shaded.org.zeroturnaround.exec.ProcessExecutor - Executing [docker-machine, start, default].
14:06:39.547 [main] DEBUG org.testcontainers.shaded.org.zeroturnaround.exec.ProcessExecutor - Started Process[pid=2468, exitValue="not exited"]
14:06:42.712 [ducttape-4] DEBUG org.testcontainers.dockerclient.DockerClientProviderStrategy - Pinging docker daemon...
14:06:42.712 [ducttape-4] DEBUG com.github.dockerjava.core.command.AbstrDockerCmd - Cmd: org.testcontainers.dockerclient.transport.okhttp.OkHttpDockerCmdExecFactory$1@385eb1ae
14:06:44.148 [ducttape-2] DEBUG org.testcontainers.dockerclient.DockerClientProviderStrategy - Pinging docker daemon...
14:06:44.148 [ducttape-2] DEBUG com.github.dockerjava.core.command.AbstrDockerCmd - Cmd: org.testcontainers.dockerclient.transport.okhttp.OkHttpDockerCmdExecFactory$1@1a1125a0
14:06:45.056 [ducttape-0] DEBUG org.testcontainers.dockerclient.DockerClientProviderStrategy - Pinging docker daemon...
14:06:45.056 [ducttape-0] DEBUG com.github.dockerjava.core.command.AbstrDockerCmd - Cmd: org.testcontainers.dockerclient.transport.okhttp.OkHttpDockerCmdExecFactory$1@1a671550
14:06:45.067 [ducttape-1] DEBUG org.testcontainers.dockerclient.DockerClientProviderStrategy - Pinging docker daemon...
14:06:45.067 [ducttape-1] DEBUG com.github.dockerjava.core.command.AbstrDockerCmd - Cmd: org.testcontainers.dockerclient.transport.okhttp.OkHttpDockerCmdExecFactory$1@5124b205
14:06:47.234 [ducttape-4] DEBUG org.testcontainers.dockerclient.DockerClientProviderStrategy - Pinging docker daemon...
14:06:47.234 [ducttape-4] DEBUG com.github.dockerjava.core.command.AbstrDockerCmd - Cmd: org.testcontainers.dockerclient.transport.okhttp.OkHttpDockerCmdExecFactory$1@7962fef7
14:06:51.756 [ducttape-4] DEBUG org.testcontainers.dockerclient.DockerClientProviderStrategy - Pinging docker daemon...
14:06:51.756 [ducttape-4] DEBUG com.github.dockerjava.core.command.AbstrDockerCmd - Cmd: org.testcontainers.dockerclient.transport.okhttp.OkHttpDockerCmdExecFactory$1@48808de
14:06:54.650 [ducttape-2] DEBUG org.testcontainers.dockerclient.DockerClientProviderStrategy - Pinging docker daemon...
14:06:54.650 [ducttape-2] DEBUG com.github.dockerjava.core.command.AbstrDockerCmd - Cmd: org.testcontainers.dockerclient.transport.okhttp.OkHttpDockerCmdExecFactory$1@518edf68
14:06:55.557 [ducttape-0] DEBUG org.testcontainers.dockerclient.DockerClientProviderStrategy - Pinging docker daemon...
14:06:55.557 [ducttape-0] DEBUG com.github.dockerjava.core.command.AbstrDockerCmd - Cmd: org.testcontainers.dockerclient.transport.okhttp.OkHttpDockerCmdExecFactory$1@46db95ae
14:06:55.568 [ducttape-1] DEBUG org.testcontainers.dockerclient.DockerClientProviderStrategy - Pinging docker daemon...
14:06:55.568 [ducttape-1] DEBUG com.github.dockerjava.core.command.AbstrDockerCmd - Cmd: org.testcontainers.dockerclient.transport.okhttp.OkHttpDockerCmdExecFactory$1@3200192d
14:06:56.267 [ducttape-4] DEBUG org.testcontainers.dockerclient.DockerClientProviderStrategy - Pinging docker daemon...
14:06:56.267 [ducttape-4] DEBUG com.github.dockerjava.core.command.AbstrDockerCmd - Cmd: org.testcontainers.dockerclient.transport.okhttp.OkHttpDockerCmdExecFactory$1@3e412a51
14:07:00.786 [ducttape-4] DEBUG org.testcontainers.dockerclient.DockerClientProviderStrategy - Pinging docker daemon...
14:07:00.786 [ducttape-4] DEBUG com.github.dockerjava.core.command.AbstrDockerCmd - Cmd: org.testcontainers.dockerclient.transport.okhttp.OkHttpDockerCmdExecFactory$1@73df3ff6
14:07:05.210 [ducttape-2] DEBUG org.testcontainers.dockerclient.DockerClientProviderStrategy - Pinging docker daemon...
14:07:05.211 [ducttape-2] DEBUG com.github.dockerjava.core.command.AbstrDockerCmd - Cmd: org.testcontainers.dockerclient.transport.okhttp.OkHttpDockerCmdExecFactory$1@ab4056
14:07:05.403 [ducttape-4] DEBUG org.testcontainers.dockerclient.DockerClientProviderStrategy - Pinging docker daemon...
14:07:05.403 [ducttape-4] DEBUG com.github.dockerjava.core.command.AbstrDockerCmd - Cmd: org.testcontainers.dockerclient.transport.okhttp.OkHttpDockerCmdExecFactory$1@1da4e23c
14:07:06.059 [ducttape-0] DEBUG org.testcontainers.dockerclient.DockerClientProviderStrategy - Pinging docker daemon...
14:07:06.059 [ducttape-0] DEBUG com.github.dockerjava.core.command.AbstrDockerCmd - Cmd: org.testcontainers.dockerclient.transport.okhttp.OkHttpDockerCmdExecFactory$1@7c9f952b
14:07:06.070 [ducttape-1] DEBUG org.testcontainers.dockerclient.DockerClientProviderStrategy - Pinging docker daemon...
14:07:06.070 [ducttape-1] DEBUG com.github.dockerjava.core.command.AbstrDockerCmd - Cmd: org.testcontainers.dockerclient.transport.okhttp.OkHttpDockerCmdExecFactory$1@2987c9cb
14:07:10.996 [ducttape-4] DEBUG org.testcontainers.dockerclient.DockerClientProviderStrategy - Pinging docker daemon...
14:07:10.996 [ducttape-4] DEBUG com.github.dockerjava.core.command.AbstrDockerCmd - Cmd: org.testcontainers.dockerclient.transport.okhttp.OkHttpDockerCmdExecFactory$1@592ec7ae
14:07:15.718 [ducttape-2] DEBUG org.testcontainers.dockerclient.DockerClientProviderStrategy - Pinging docker daemon...
14:07:15.718 [ducttape-2] DEBUG com.github.dockerjava.core.command.AbstrDockerCmd - Cmd: org.testcontainers.dockerclient.transport.okhttp.OkHttpDockerCmdExecFactory$1@223f3466
14:07:15.765 [ducttape-4] DEBUG org.testcontainers.dockerclient.DockerClientProviderStrategy - Pinging docker daemon...
14:07:15.765 [ducttape-4] DEBUG com.github.dockerjava.core.command.AbstrDockerCmd - Cmd: org.testcontainers.dockerclient.transport.okhttp.OkHttpDockerCmdExecFactory$1@6e0a6d78
14:07:16.562 [ducttape-0] DEBUG org.testcontainers.dockerclient.DockerClientProviderStrategy - Pinging docker daemon...
14:07:16.562 [ducttape-0] DEBUG com.github.dockerjava.core.command.AbstrDockerCmd - Cmd: org.testcontainers.dockerclient.transport.okhttp.OkHttpDockerCmdExecFactory$1@4122da7c
14:07:16.572 [ducttape-1] DEBUG org.testcontainers.dockerclient.DockerClientProviderStrategy - Pinging docker daemon...
14:07:16.572 [ducttape-1] DEBUG com.github.dockerjava.core.command.AbstrDockerCmd - Cmd: org.testcontainers.dockerclient.transport.okhttp.OkHttpDockerCmdExecFactory$1@6366c31e
14:07:20.764 [ducttape-4] DEBUG org.testcontainers.dockerclient.DockerClientProviderStrategy - Pinging docker daemon...
14:07:20.764 [ducttape-4] DEBUG com.github.dockerjava.core.command.AbstrDockerCmd - Cmd: org.testcontainers.dockerclient.transport.okhttp.OkHttpDockerCmdExecFactory$1@64a0dfc0
14:07:25.496 [ducttape-4] DEBUG org.testcontainers.dockerclient.DockerClientProviderStrategy - Pinging docker daemon...
14:07:25.496 [ducttape-4] DEBUG com.github.dockerjava.core.command.AbstrDockerCmd - Cmd: org.testcontainers.dockerclient.transport.okhttp.OkHttpDockerCmdExecFactory$1@5eaf646a
14:07:26.223 [ducttape-2] DEBUG org.testcontainers.dockerclient.DockerClientProviderStrategy - Pinging docker daemon...
14:07:26.223 [ducttape-2] DEBUG com.github.dockerjava.core.command.AbstrDockerCmd - Cmd: org.testcontainers.dockerclient.transport.okhttp.OkHttpDockerCmdExecFactory$1@4924f11d
14:07:27.065 [ducttape-0] DEBUG org.testcontainers.dockerclient.DockerClientProviderStrategy - Pinging docker daemon...
14:07:27.065 [ducttape-0] DEBUG com.github.dockerjava.core.command.AbstrDockerCmd - Cmd: org.testcontainers.dockerclient.transport.okhttp.OkHttpDockerCmdExecFactory$1@634d8a9d
14:07:27.074 [ducttape-1] DEBUG org.testcontainers.dockerclient.DockerClientProviderStrategy - Pinging docker daemon...
14:07:27.074 [ducttape-1] DEBUG com.github.dockerjava.core.command.AbstrDockerCmd - Cmd: org.testcontainers.dockerclient.transport.okhttp.OkHttpDockerCmdExecFactory$1@17a6f1ed
14:07:30.394 [ducttape-4] DEBUG org.testcontainers.dockerclient.DockerClientProviderStrategy - Pinging docker daemon...
14:07:30.394 [ducttape-4] DEBUG com.github.dockerjava.core.command.AbstrDockerCmd - Cmd: org.testcontainers.dockerclient.transport.okhttp.OkHttpDockerCmdExecFactory$1@7113dba6
14:07:35.303 [ducttape-4] DEBUG org.testcontainers.dockerclient.DockerClientProviderStrategy - Pinging docker daemon...
14:07:35.303 [ducttape-4] DEBUG com.github.dockerjava.core.command.AbstrDockerCmd - Cmd: org.testcontainers.dockerclient.transport.okhttp.OkHttpDockerCmdExecFactory$1@4ccf1951
14:07:36.726 [ducttape-2] DEBUG org.testcontainers.dockerclient.DockerClientProviderStrategy - Pinging docker daemon...
14:07:36.734 [ducttape-2] DEBUG com.github.dockerjava.core.command.AbstrDockerCmd - Cmd: org.testcontainers.dockerclient.transport.okhttp.OkHttpDockerCmdExecFactory$1@7994c603
14:07:37.567 [ducttape-0] DEBUG org.testcontainers.dockerclient.DockerClientProviderStrategy - Pinging docker daemon...
14:07:37.567 [ducttape-0] DEBUG com.github.dockerjava.core.command.AbstrDockerCmd - Cmd: org.testcontainers.dockerclient.transport.okhttp.OkHttpDockerCmdExecFactory$1@79a105bf
14:07:37.577 [ducttape-1] DEBUG org.testcontainers.dockerclient.DockerClientProviderStrategy - Pinging docker daemon...
14:07:37.577 [ducttape-1] DEBUG com.github.dockerjava.core.command.AbstrDockerCmd - Cmd: org.testcontainers.dockerclient.transport.okhttp.OkHttpDockerCmdExecFactory$1@25dd5b45
14:07:40.504 [ducttape-4] DEBUG org.testcontainers.dockerclient.DockerClientProviderStrategy - Pinging docker daemon...
14:07:40.504 [ducttape-4] DEBUG com.github.dockerjava.core.command.AbstrDockerCmd - Cmd: org.testcontainers.dockerclient.transport.okhttp.OkHttpDockerCmdExecFactory$1@2ef381d7
14:07:45.226 [ducttape-4] DEBUG org.testcontainers.dockerclient.DockerClientProviderStrategy - Pinging docker daemon...
14:07:45.226 [ducttape-4] DEBUG com.github.dockerjava.core.command.AbstrDockerCmd - Cmd: org.testcontainers.dockerclient.transport.okhttp.OkHttpDockerCmdExecFactory$1@bda2c57
14:07:47.238 [ducttape-2] DEBUG org.testcontainers.dockerclient.DockerClientProviderStrategy - Pinging docker daemon...
14:07:47.238 [ducttape-2] DEBUG com.github.dockerjava.core.command.AbstrDockerCmd - Cmd: org.testcontainers.dockerclient.transport.okhttp.OkHttpDockerCmdExecFactory$1@39f9c531
14:07:48.069 [ducttape-0] DEBUG org.testcontainers.dockerclient.DockerClientProviderStrategy - Pinging docker daemon...
14:07:48.069 [ducttape-0] DEBUG com.github.dockerjava.core.command.AbstrDockerCmd - Cmd: org.testcontainers.dockerclient.transport.okhttp.OkHttpDockerCmdExecFactory$1@7917f16d
14:07:48.078 [ducttape-1] DEBUG org.testcontainers.dockerclient.DockerClientProviderStrategy - Pinging docker daemon...
14:07:48.078 [ducttape-1] DEBUG com.github.dockerjava.core.command.AbstrDockerCmd - Cmd: org.testcontainers.dockerclient.transport.okhttp.OkHttpDockerCmdExecFactory$1@328307a4
14:07:49.303 [main] DEBUG org.testcontainers.shaded.org.zeroturnaround.exec.WaitForProcess - Process[pid=2468, exitValue=1] stopped with exit code 1
14:07:49.314 [main] DEBUG org.testcontainers.dockerclient.DockerClientProviderStrategy - DockerMachineClientProviderStrategy: failed with exception InvalidConfigurationException (Exception when executing docker-machine start default)
14:07:49.324 [main] ERROR org.testcontainers.dockerclient.DockerClientProviderStrategy - Could not find a valid Docker environment. Please check configuration. Attempted configurations were:
14:07:49.324 [main] ERROR org.testcontainers.dockerclient.DockerClientProviderStrategy -     EnvironmentAndSystemPropertyClientProviderStrategy: failed with exception InvalidConfigurationException (ping failed)
14:07:49.324 [main] ERROR org.testcontainers.dockerclient.DockerClientProviderStrategy -     EnvironmentAndSystemPropertyClientProviderStrategy: failed with exception InvalidConfigurationException (ping failed)
14:07:49.324 [main] ERROR org.testcontainers.dockerclient.DockerClientProviderStrategy -     NpipeSocketClientProviderStrategy: failed with exception InvalidConfigurationException (ping failed). Root cause TimeoutException (null)
14:07:49.324 [main] ERROR org.testcontainers.dockerclient.DockerClientProviderStrategy -     WindowsClientProviderStrategy: failed with exception TimeoutException (Timeout waiting for result with exception). Root cause ConnectException (Connection refused: connect)
14:07:49.324 [main] ERROR org.testcontainers.dockerclient.DockerClientProviderStrategy -     DockerMachineClientProviderStrategy: failed with exception InvalidConfigurationException (Exception when executing docker-machine start default)
14:07:49.324 [main] ERROR org.testcontainers.dockerclient.DockerClientProviderStrategy - As no valid configuration was found, execution cannot continue
]]></system-out>
  </testcase>
</testsuite>